1
                 Chemistry at HARvard Macromolecular Mechanics
                   (CHARMM) - Developmental Version 36a1     August 15, 2008   
       Copyright(c) 1984-2001  President and Fellows of Harvard College
                              All Rights Reserved
      Current operating system: Linux-3.10.0-957.1.3.el7.x86_64(x86_64)@hanf
                 Created on  1/28/19 at 19:47:58 by user: cyppsp      

            Maximum number of ATOMS:    360720, and RESidues:      120240
            Current HEAP size:        10240000, and STACK size:  10000000

 RDTITL>  
 RDTITL> No title read.

      ***** LEVEL  1 WARNING FROM <RDTITL> *****
      ***** Title expected.
      ******************************************
      BOMLEV (  0) IS NOT REACHED. WRNLEV IS  5

  
 CHARMM>     
  
 CHARMM>    BOMLEV -2
  
 CHARMM>     
  
 CHARMM>    open read unit 1 card name "/home/cyppsp/project_bayesian/BAL/dependencies//top_all27_prot_na_drv.v4.1.inp"
 VOPEN> Attempting to open::/home/cyppsp/project_bayesian/BAL/dependencies//top_all27_prot_na_drv.v4.1.inp::
 OPNLGU> Unit  1 opened for READONLY access to /home/cyppsp/project_bayesian/BAL/dependencies//top_all27_prot_na_drv.v4.1.inp
  
 CHARMM>    read rtf card unit 1
 MAINIO> Residue topology file being read from unit   1.
 TITLE> *>>>>>> COMBINED CHARMM ALL-HYDROGEN TOPOLOGY FILE FOR <<<<<<<<<
 TITLE> *>>>>>>> CHARMM22 PROTEINS AND CHARMM27 NUCLEIC ACIDS <<<<<<<<<<
 TITLE> *FROM
 TITLE> *>>>> CHARMM22 ALL-HYDROGEN TOPOLOGY FILE FOR PROTEINS <<<<<<<<
 TITLE> *>>>>>>>>>>>>>>>>>>>>>>> AUGUST 1999 <<<<<<<<<<<<<<<<<<<<<<<<<<<
 TITLE> *>>>>>>> DIRECT COMMENTS TO ALEXANDER D. MACKERELL JR. <<<<<<<<<
 TITLE> *>>>>>> 410-706-7442 OR EMAIL: ALEX,MMIRIS.AB.UMD.EDU  <<<<<<<<<
 TITLE> *AND
 TITLE> *  \\\\ CHARMM27 ALL-HYDROGEN NUCLEIC ACID TOPOLOGY FILE ////
 TITLE> *  \\\\\\\\\\\\\\\\\\ DEVELOPMENTAL ////////////////////////
 TITLE> *        ALEXANDER D. MACKERELL JR. AND NICOLAS FOLOPPE
 TITLE> *                        AUGUST 1999
 TITLE> *     ALL COMMENTS TO ADM JR.  EMAIL: ALEX,MMIRIS.AB.UMD.EDU
 TITLE> *                 TELEPHONE: 410-706-7442
 TITLE> *
  
 CHARMM>    close unit 1
 VCLOSE: Closing unit    1 with status "KEEP"
  
 CHARMM>     
  
 CHARMM>     
  
 CHARMM>    open read unit 1 card name "/home/cyppsp/project_bayesian/BAL/dependencies//par_all27_prot_na_drv.v4.1.inp"
 VOPEN> Attempting to open::/home/cyppsp/project_bayesian/BAL/dependencies//par_all27_prot_na_drv.v4.1.inp::
 OPNLGU> Unit  1 opened for READONLY access to /home/cyppsp/project_bayesian/BAL/dependencies//par_all27_prot_na_drv.v4.1.inp
  
 CHARMM>    read para card unit 1

          PARAMETER FILE BEING READ FROM UNIT  1
 TITLE> *>>>>>> COMBINED CHARMM ALL-HYDROGEN PARAMETER FILE FOR <<<<<<<<<
 TITLE> *>>>>>>> CHARMM22 PROTEINS AND CHARMM27 NUCLEIC ACIDS <<<<<<<<<<
 TITLE> *FROM
 TITLE> *>>>> CHARMM22 ALL-HYDROGEN PARAMETER FILE FOR PROTEINS <<<<<<<<
 TITLE> *>>>>>>>>>>>>>>>>>>>>>>> AUGUST 1999 <<<<<<<<<<<<<<<<<<<<<<<<<<<
 TITLE> *>>>>>>> DIRECT COMMENTS TO ALEXANDER D. MACKERELL JR. <<<<<<<<<
 TITLE> *>>>>>> 410-706-7442 OR EMAIL: ALEX,MMIRIS.AB.UMD.EDU  <<<<<<<<<
 TITLE> *AND
 TITLE> *  \\\\ CHARMM27 ALL-HYDROGEN NUCLEIC ACID PARAMETER FILE ////
 TITLE> *  \\\\\\\\\\\\\\\\\\ DEVELOPMENTAL ////////////////////////
 TITLE> *       ALEXANDER D. MACKERELL JR. AND NICOLAS FOLOPPE
 TITLE> *                       AUGUST 1999
 TITLE> *    ALL COMMENTS TO ADM JR.  EMAIL: ALEX,MMIRIS.AB.UMD.EDU
 TITLE> *            TELEPHONE: 410-706-7442
 TITLE> *
 PARRDR> WARNING: ATOMS IN DIHEDRAL C    X    X    OE     90.00000    1   0.00000 DONT EXIST
 PARRDR> WARNING: ATOMS IN DIHEDRAL OE   X    X    CT3    40.00000    1   0.00000 DONT EXIST
 PARRDR> WARNING: ATOMS IN DIHEDRAL OE   X    X    OE     40.00000    1   0.00000 DONT EXIST
 WARNING from DECODF -- Zero length string being converted to 0.
 WARNING from DECODF -- Zero length string being converted to 0.
 PARRDR> WARNING: ATOMS IN HBOND VOLU         0.00000   0.00000 DONT EXIST
 WARNING from DECODF -- Zero length string being converted to 0.
 WARNING from DECODF -- Zero length string being converted to 0.
 PARRDR> WARNING: ATOMS IN HBOND H    1.36    0.00000   0.00000 DONT EXIST
 WARNING from DECODF -- Zero length string being converted to 0.
 WARNING from DECODF -- Zero length string being converted to 0.
 PARRDR> WARNING: ATOMS IN HBOND HC   1.98    0.00000   0.00000 DONT EXIST
 WARNING from DECODF -- Zero length string being converted to 0.
 WARNING from DECODF -- Zero length string being converted to 0.
 PARRDR> WARNING: ATOMS IN HBOND HA   6.88    0.00000   0.00000 DONT EXIST
 WARNING from DECODF -- Zero length string being converted to 0.
 WARNING from DECODF -- Zero length string being converted to 0.
 PARRDR> WARNING: ATOMS IN HBOND HP   8.38    0.00000   0.00000 DONT EXIST
 WARNING from DECODF -- Zero length string being converted to 0.
 WARNING from DECODF -- Zero length string being converted to 0.
 PARRDR> WARNING: ATOMS IN HBOND HB   7.58    0.00000   0.00000 DONT EXIST
 WARNING from DECODF -- Zero length string being converted to 0.
 WARNING from DECODF -- Zero length string being converted to 0.
 PARRDR> WARNING: ATOMS IN HBOND HR1  2.55    0.00000   0.00000 DONT EXIST
 WARNING from DECODF -- Zero length string being converted to 0.
 WARNING from DECODF -- Zero length string being converted to 0.
 PARRDR> WARNING: ATOMS IN HBOND HR3  13.8    0.00000   0.00000 DONT EXIST
 WARNING from DECODF -- Zero length string being converted to 0.
 WARNING from DECODF -- Zero length string being converted to 0.
 PARRDR> WARNING: ATOMS IN HBOND HS   0.86    0.00000   0.00000 DONT EXIST
 WARNING from DECODF -- Zero length string being converted to 0.
 WARNING from DECODF -- Zero length string being converted to 0.
 PARRDR> WARNING: ATOMS IN HBOND C    1.87    0.00000   0.00000 DONT EXIST
 WARNING from DECODF -- Zero length string being converted to 0.
 WARNING from DECODF -- Zero length string being converted to 0.
 PARRDR> WARNING: ATOMS IN HBOND CA2  13.9    0.00000   0.00000 DONT EXIST
 WARNING from DECODF -- Zero length string being converted to 0.
 WARNING from DECODF -- Zero length string being converted to 0.
 PARRDR> WARNING: ATOMS IN HBOND CA3  3.40    0.00000   0.00000 DONT EXIST
 WARNING from DECODF -- Zero length string being converted to 0.
 WARNING from DECODF -- Zero length string being converted to 0.
 PARRDR> WARNING: ATOMS IN HBOND CT1  1.02    0.00000   0.00000 DONT EXIST
 WARNING from DECODF -- Zero length string being converted to 0.
 WARNING from DECODF -- Zero length string being converted to 0.
 PARRDR> WARNING: ATOMS IN HBOND CT2  12.6    0.00000   0.00000 DONT EXIST
 WARNING from DECODF -- Zero length string being converted to 0.
 WARNING from DECODF -- Zero length string being converted to 0.
 PARRDR> WARNING: ATOMS IN HBOND CT3  17.4    0.00000   0.00000 DONT EXIST
 WARNING from DECODF -- Zero length string being converted to 0.
 WARNING from DECODF -- Zero length string being converted to 0.
 PARRDR> WARNING: ATOMS IN HBOND CPH1 1.75    0.00000   0.00000 DONT EXIST
 WARNING from DECODF -- Zero length string being converted to 0.
 WARNING from DECODF -- Zero length string being converted to 0.
 PARRDR> WARNING: ATOMS IN HBOND CPH2 11.5    0.00000   0.00000 DONT EXIST
 WARNING from DECODF -- Zero length string being converted to 0.
 WARNING from DECODF -- Zero length string being converted to 0.
 PARRDR> WARNING: ATOMS IN HBOND CPT  2.95    0.00000   0.00000 DONT EXIST
 WARNING from DECODF -- Zero length string being converted to 0.
 WARNING from DECODF -- Zero length string being converted to 0.
 PARRDR> WARNING: ATOMS IN HBOND CY   8.71    0.00000   0.00000 DONT EXIST
 WARNING from DECODF -- Zero length string being converted to 0.
 WARNING from DECODF -- Zero length string being converted to 0.
 PARRDR> WARNING: ATOMS IN HBOND CP1  4.53    0.00000   0.00000 DONT EXIST
 WARNING from DECODF -- Zero length string being converted to 0.
 WARNING from DECODF -- Zero length string being converted to 0.
 PARRDR> WARNING: ATOMS IN HBOND CP2  21.2    0.00000   0.00000 DONT EXIST
 WARNING from DECODF -- Zero length string being converted to 0.
 WARNING from DECODF -- Zero length string being converted to 0.
 PARRDR> WARNING: ATOMS IN HBOND CP3  10.5    0.00000   0.00000 DONT EXIST
 WARNING from DECODF -- Zero length string being converted to 0.
 WARNING from DECODF -- Zero length string being converted to 0.
 PARRDR> WARNING: ATOMS IN HBOND CC   0.36    0.00000   0.00000 DONT EXIST
 WARNING from DECODF -- Zero length string being converted to 0.
 WARNING from DECODF -- Zero length string being converted to 0.
 PARRDR> WARNING: ATOMS IN HBOND CPA  13.4    0.00000   0.00000 DONT EXIST
 WARNING from DECODF -- Zero length string being converted to 0.
 WARNING from DECODF -- Zero length string being converted to 0.
 PARRDR> WARNING: ATOMS IN HBOND CPB  4.75    0.00000   0.00000 DONT EXIST
 WARNING from DECODF -- Zero length string being converted to 0.
 WARNING from DECODF -- Zero length string being converted to 0.
 PARRDR> WARNING: ATOMS IN HBOND CPM  4.12    0.00000   0.00000 DONT EXIST
 WARNING from DECODF -- Zero length string being converted to 0.
 WARNING from DECODF -- Zero length string being converted to 0.
 PARRDR> WARNING: ATOMS IN HBOND N    0.10    0.00000   0.00000 DONT EXIST
 WARNING from DECODF -- Zero length string being converted to 0.
 WARNING from DECODF -- Zero length string being converted to 0.
 PARRDR> WARNING: ATOMS IN HBOND NR1  23.0    0.00000   0.00000 DONT EXIST
 WARNING from DECODF -- Zero length string being converted to 0.
 WARNING from DECODF -- Zero length string being converted to 0.
 PARRDR> WARNING: ATOMS IN HBOND NR2  29.1    0.00000   0.00000 DONT EXIST
 WARNING from DECODF -- Zero length string being converted to 0.
 WARNING from DECODF -- Zero length string being converted to 0.
 PARRDR> WARNING: ATOMS IN HBOND NH1  8.98    0.00000   0.00000 DONT EXIST
 WARNING from DECODF -- Zero length string being converted to 0.
 WARNING from DECODF -- Zero length string being converted to 0.
 PARRDR> WARNING: ATOMS IN HBOND NH2  32.9    0.00000   0.00000 DONT EXIST
 WARNING from DECODF -- Zero length string being converted to 0.
 WARNING from DECODF -- Zero length string being converted to 0.
 PARRDR> WARNING: ATOMS IN HBOND NH3  27.1    0.00000   0.00000 DONT EXIST
 WARNING from DECODF -- Zero length string being converted to 0.
 WARNING from DECODF -- Zero length string being converted to 0.
 PARRDR> WARNING: ATOMS IN HBOND NC2H 28.7    0.00000   0.00000 DONT EXIST
 WARNING from DECODF -- Zero length string being converted to 0.
 WARNING from DECODF -- Zero length string being converted to 0.
 PARRDR> WARNING: ATOMS IN HBOND NC2E 9.75    0.00000   0.00000 DONT EXIST
 WARNING from DECODF -- Zero length string being converted to 0.
 WARNING from DECODF -- Zero length string being converted to 0.
 PARRDR> WARNING: ATOMS IN HBOND NY   23.5    0.00000   0.00000 DONT EXIST
 WARNING from DECODF -- Zero length string being converted to 0.
 WARNING from DECODF -- Zero length string being converted to 0.
 PARRDR> WARNING: ATOMS IN HBOND NP   16.2    0.00000   0.00000 DONT EXIST
 WARNING from DECODF -- Zero length string being converted to 0.
 WARNING from DECODF -- Zero length string being converted to 0.
 PARRDR> WARNING: ATOMS IN HBOND NPH  8.99    0.00000   0.00000 DONT EXIST
 WARNING from DECODF -- Zero length string being converted to 0.
 WARNING from DECODF -- Zero length string being converted to 0.
 PARRDR> WARNING: ATOMS IN HBOND O    26.7    0.00000   0.00000 DONT EXIST
 WARNING from DECODF -- Zero length string being converted to 0.
 WARNING from DECODF -- Zero length string being converted to 0.
 PARRDR> WARNING: ATOMS IN HBOND OC   28.7    0.00000   0.00000 DONT EXIST
 WARNING from DECODF -- Zero length string being converted to 0.
 WARNING from DECODF -- Zero length string being converted to 0.
 PARRDR> WARNING: ATOMS IN HBOND OH1  28.1    0.00000   0.00000 DONT EXIST
 WARNING from DECODF -- Zero length string being converted to 0.
 WARNING from DECODF -- Zero length string being converted to 0.
 PARRDR> WARNING: ATOMS IN HBOND S    31.6    0.00000   0.00000 DONT EXIST
 WARNING from DECODF -- Zero length string being converted to 0.
 WARNING from DECODF -- Zero length string being converted to 0.
 PARRDR> WARNING: ATOMS IN HBOND SM   29.9    0.00000   0.00000 DONT EXIST
 WARNING from DECODF -- Zero length string being converted to 0.
 WARNING from DECODF -- Zero length string being converted to 0.
 PARRDR> WARNING: ATOMS IN HBOND FE   0.21    0.00000   0.00000 DONT EXIST
 WARNING from DECODF -- Zero length string being converted to 0.
 WARNING from DECODF -- Zero length string being converted to 0.
 PARRDR> WARNING: ATOMS IN HBOND HN1  2.32    0.00000   0.00000 DONT EXIST
 WARNING from DECODF -- Zero length string being converted to 0.
 WARNING from DECODF -- Zero length string being converted to 0.
 PARRDR> WARNING: ATOMS IN HBOND HN2  1.04    0.00000   0.00000 DONT EXIST
 WARNING from DECODF -- Zero length string being converted to 0.
 WARNING from DECODF -- Zero length string being converted to 0.
 PARRDR> WARNING: ATOMS IN HBOND HN3  10.3    0.00000   0.00000 DONT EXIST
 WARNING from DECODF -- Zero length string being converted to 0.
 WARNING from DECODF -- Zero length string being converted to 0.
 PARRDR> WARNING: ATOMS IN HBOND HN5  2.03    0.00000   0.00000 DONT EXIST
 WARNING from DECODF -- Zero length string being converted to 0.
 WARNING from DECODF -- Zero length string being converted to 0.
 PARRDR> WARNING: ATOMS IN HBOND HN6  10.2    0.00000   0.00000 DONT EXIST
 WARNING from DECODF -- Zero length string being converted to 0.
 WARNING from DECODF -- Zero length string being converted to 0.
 PARRDR> WARNING: ATOMS IN HBOND HN7  10.4    0.00000   0.00000 DONT EXIST
 WARNING from DECODF -- Zero length string being converted to 0.
 WARNING from DECODF -- Zero length string being converted to 0.
 PARRDR> WARNING: ATOMS IN HBOND CN1  3.51    0.00000   0.00000 DONT EXIST
 WARNING from DECODF -- Zero length string being converted to 0.
 WARNING from DECODF -- Zero length string being converted to 0.
 PARRDR> WARNING: ATOMS IN HBOND CN2  14.0    0.00000   0.00000 DONT EXIST
 WARNING from DECODF -- Zero length string being converted to 0.
 WARNING from DECODF -- Zero length string being converted to 0.
 PARRDR> WARNING: ATOMS IN HBOND CN3  6.59    0.00000   0.00000 DONT EXIST
 WARNING from DECODF -- Zero length string being converted to 0.
 WARNING from DECODF -- Zero length string being converted to 0.
 PARRDR> WARNING: ATOMS IN HBOND CN4  2.51    0.00000   0.00000 DONT EXIST
 WARNING from DECODF -- Zero length string being converted to 0.
 WARNING from DECODF -- Zero length string being converted to 0.
 PARRDR> WARNING: ATOMS IN HBOND CN5  2.85    0.00000   0.00000 DONT EXIST
 WARNING from DECODF -- Zero length string being converted to 0.
 WARNING from DECODF -- Zero length string being converted to 0.
 PARRDR> WARNING: ATOMS IN HBOND CN6  1.12    0.00000   0.00000 DONT EXIST
 WARNING from DECODF -- Zero length string being converted to 0.
 WARNING from DECODF -- Zero length string being converted to 0.
 PARRDR> WARNING: ATOMS IN HBOND CN6B 1.36    0.00000   0.00000 DONT EXIST
 WARNING from DECODF -- Zero length string being converted to 0.
 WARNING from DECODF -- Zero length string being converted to 0.
 PARRDR> WARNING: ATOMS IN HBOND CN6C 0.19    0.00000   0.00000 DONT EXIST
 WARNING from DECODF -- Zero length string being converted to 0.
 WARNING from DECODF -- Zero length string being converted to 0.
 PARRDR> WARNING: ATOMS IN HBOND CN8  0.45    0.00000   0.00000 DONT EXIST
 WARNING from DECODF -- Zero length string being converted to 0.
 WARNING from DECODF -- Zero length string being converted to 0.
 PARRDR> WARNING: ATOMS IN HBOND CN9  1.58    0.00000   0.00000 DONT EXIST
 WARNING from DECODF -- Zero length string being converted to 0.
 WARNING from DECODF -- Zero length string being converted to 0.
 PARRDR> WARNING: ATOMS IN HBOND NN1  15.7    0.00000   0.00000 DONT EXIST
 WARNING from DECODF -- Zero length string being converted to 0.
 WARNING from DECODF -- Zero length string being converted to 0.
 PARRDR> WARNING: ATOMS IN HBOND NN2  3.54    0.00000   0.00000 DONT EXIST
 WARNING from DECODF -- Zero length string being converted to 0.
 WARNING from DECODF -- Zero length string being converted to 0.
 PARRDR> WARNING: ATOMS IN HBOND NN2U 10.0    0.00000   0.00000 DONT EXIST
 WARNING from DECODF -- Zero length string being converted to 0.
 WARNING from DECODF -- Zero length string being converted to 0.
 PARRDR> WARNING: ATOMS IN HBOND NN2G 4.82    0.00000   0.00000 DONT EXIST
 WARNING from DECODF -- Zero length string being converted to 0.
 WARNING from DECODF -- Zero length string being converted to 0.
 PARRDR> WARNING: ATOMS IN HBOND NN3  11.9    0.00000   0.00000 DONT EXIST
 WARNING from DECODF -- Zero length string being converted to 0.
 WARNING from DECODF -- Zero length string being converted to 0.
 PARRDR> WARNING: ATOMS IN HBOND NN4  33.5    0.00000   0.00000 DONT EXIST
 WARNING from DECODF -- Zero length string being converted to 0.
 WARNING from DECODF -- Zero length string being converted to 0.
 PARRDR> WARNING: ATOMS IN HBOND NN3B 18.0    0.00000   0.00000 DONT EXIST
 WARNING from DECODF -- Zero length string being converted to 0.
 WARNING from DECODF -- Zero length string being converted to 0.
 PARRDR> WARNING: ATOMS IN HBOND NN3C 26.1    0.00000   0.00000 DONT EXIST
 WARNING from DECODF -- Zero length string being converted to 0.
 WARNING from DECODF -- Zero length string being converted to 0.
 PARRDR> WARNING: ATOMS IN HBOND ON1  27.4    0.00000   0.00000 DONT EXIST
 WARNING from DECODF -- Zero length string being converted to 0.
 WARNING from DECODF -- Zero length string being converted to 0.
 PARRDR> WARNING: ATOMS IN HBOND ON1C 26.9    0.00000   0.00000 DONT EXIST
 WARNING from DECODF -- Zero length string being converted to 0.
 WARNING from DECODF -- Zero length string being converted to 0.
 PARRDR> WARNING: ATOMS IN HBOND ON2  9.94    0.00000   0.00000 DONT EXIST
 WARNING from DECODF -- Zero length string being converted to 0.
 WARNING from DECODF -- Zero length string being converted to 0.
 PARRDR> WARNING: ATOMS IN HBOND ON2B 9.94    0.00000   0.00000 DONT EXIST
 WARNING from DECODF -- Zero length string being converted to 0.
 WARNING from DECODF -- Zero length string being converted to 0.
 PARRDR> WARNING: ATOMS IN HBOND ON3  30.4    0.00000   0.00000 DONT EXIST
 WARNING from DECODF -- Zero length string being converted to 0.
 WARNING from DECODF -- Zero length string being converted to 0.
 PARRDR> WARNING: ATOMS IN HBOND ON5  25.9    0.00000   0.00000 DONT EXIST
 WARNING from DECODF -- Zero length string being converted to 0.
 WARNING from DECODF -- Zero length string being converted to 0.
 PARRDR> WARNING: ATOMS IN HBOND ON6  19.6    0.00000   0.00000 DONT EXIST
 WARNING from DECODF -- Zero length string being converted to 0.
 WARNING from DECODF -- Zero length string being converted to 0.
 PARRDR> WARNING: ATOMS IN HBOND P    0.00    0.00000   0.00000 DONT EXIST
 WARNING from DECODF -- Zero length string being converted to 0.
 WARNING from DECODF -- Zero length string being converted to 0.
 PARRDR> WARNING: ATOMS IN HBOND MG   20.3    0.00000   0.00000 DONT EXIST
*****  WARNING  ***** PARRDR no nonbond parameters for atom type:  41  CF  
 NO nonbond interactions will be computed for this atom type.
 PARMIO> NONBOND, HBOND lists and IMAGE atoms cleared.
  
 CHARMM>    close unit 1
 VCLOSE: Closing unit    1 with status "KEEP"
  
 CHARMM>     
  
 CHARMM>    open read unit 1 card name A.SEQ
 VOPEN> Attempting to open::A.SEQ::
 OPNLGU> Unit  1 opened for READONLY access to A.SEQ
  
 CHARMM>    read sequence unit 1 card
 MAINIO> Sequence information being read from unit   1.
 TITLE> * SEQUENCE OF CHAIN A
 TITLE> * NAME: MOLECULE
 TITLE> * TITLE: NEW MOLECULE GENERATED BY ICELIB
 TITLE> *
  
 SEQRDR>       96
  
 SEQRDR>    ASP
  
 SEQRDR>    VAL
  
 SEQRDR>    SER
  
 SEQRDR>    GLY
  
 SEQRDR>    THR
  
 SEQRDR>    VAL
  
 SEQRDR>    CYS
  
 SEQRDR>    LEU
  
 SEQRDR>    SER
  
 SEQRDR>    ALA
  
 SEQRDR>    LEU
  
 SEQRDR>    PRO
  
 SEQRDR>    PRO
  
 SEQRDR>    GLU
  
 SEQRDR>    ALA
  
 SEQRDR>    THR
  
 SEQRDR>    ASP
  
 SEQRDR>    THR
  
 SEQRDR>    LEU
  
 SEQRDR>    ASN
  
 SEQRDR>    LEU
  
 SEQRDR>    ILE
  
 SEQRDR>    ALA
  
 SEQRDR>    SER
  
 SEQRDR>    ASP
  
 SEQRDR>    GLY
  
 SEQRDR>    PRO
  
 SEQRDR>    PHE
  
 SEQRDR>    PRO
  
 SEQRDR>    TYR
  
 SEQRDR>    SER
  
 SEQRDR>    GLN
  
 SEQRDR>    ASP
  
 SEQRDR>    GLY
  
 SEQRDR>    VAL
  
 SEQRDR>    VAL
  
 SEQRDR>    PHE
  
 SEQRDR>    GLN
  
 SEQRDR>    ASN
  
 SEQRDR>    ARG
  
 SEQRDR>    GLU
  
 SEQRDR>    SER
  
 SEQRDR>    VAL
  
 SEQRDR>    LEU
  
 SEQRDR>    PRO
  
 SEQRDR>    THR
  
 SEQRDR>    GLN
  
 SEQRDR>    SER
  
 SEQRDR>    TYR
  
 SEQRDR>    GLY
  
 SEQRDR>    TYR
  
 SEQRDR>    TYR
  
 SEQRDR>    HSE
  
 SEQRDR>    GLU
  
 SEQRDR>    TYR
  
 SEQRDR>    THR
  
 SEQRDR>    VAL
  
 SEQRDR>    ILE
  
 SEQRDR>    THR
  
 SEQRDR>    PRO
  
 SEQRDR>    GLY
  
 SEQRDR>    ALA
  
 SEQRDR>    ARG
  
 SEQRDR>    THR
  
 SEQRDR>    ARG
  
 SEQRDR>    GLY
  
 SEQRDR>    THR
  
 SEQRDR>    ARG
  
 SEQRDR>    ARG
  
 SEQRDR>    ILE
  
 SEQRDR>    ILE
  
 SEQRDR>    THR
  
 SEQRDR>    GLY
  
 SEQRDR>    GLU
  
 SEQRDR>    ALA
  
 SEQRDR>    THR
  
 SEQRDR>    GLN
  
 SEQRDR>    GLU
  
 SEQRDR>    ASP
  
 SEQRDR>    TYR
  
 SEQRDR>    TYR
  
 SEQRDR>    THR
  
 SEQRDR>    GLY
  
 SEQRDR>    ASP
  
 SEQRDR>    HSE
  
 SEQRDR>    TYR
  
 SEQRDR>    ALA
  
 SEQRDR>    THR
  
 SEQRDR>    PHE
  
 SEQRDR>    SER
  
 SEQRDR>    LEU
  
 SEQRDR>    ILE
  
 SEQRDR>    ASP
  
 SEQRDR>    GLN
  
 SEQRDR>    THR
  
 SEQRDR>    CYS

          RESIDUE SEQUENCE --    96 RESIDUES
          ASP VAL SER GLY THR VAL CYS LEU SER ALA LEU PRO PRO GLU ALA THR ASP THR LEU ASN 
          LEU ILE ALA SER ASP GLY PRO PHE PRO TYR SER GLN ASP GLY VAL VAL PHE GLN ASN ARG 
          GLU SER VAL LEU PRO THR GLN SER TYR GLY TYR TYR HSE GLU TYR THR VAL ILE THR PRO 
          GLY ALA ARG THR ARG GLY THR ARG ARG ILE ILE THR GLY GLU ALA THR GLN GLU ASP TYR 
          TYR THR GLY ASP HSE TYR ALA THR PHE SER LEU ILE ASP GLN THR CYS 
 ***** Message from SEQRDR ***** THE SYSTEM CONTAINS 20 TITRATABLE GROUPS
 THE USER MUST PREDETERMINE THE PROTONATION STATE THROUGH THE SEQUENCE AND RTF
 HIS -  0  ASP -  7  GLU -  5  LYS -  0  TYR -  8
  
 CHARMM>    close unit 1
 VCLOSE: Closing unit    1 with status "KEEP"
  
 CHARMM>    generate A first NTER last CTER setup
 THE PATCH 'NTER' WILL BE USED FOR THE FIRST RESIDUE
 THE PATCH 'CTER' WILL BE USED FOR THE LAST  RESIDUE
 GENPSF> Segment   1 has been generated. Its identifier is A.
 PSFSUM> PSF modified: NONBOND lists and IMAGE atoms cleared.
 PSFSUM> Summary of the structure file counters :
         Number of segments      =        1   Number of residues   =       96
         Number of atoms         =     1443   Number of groups     =      446
         Number of bonds         =     1461   Number of angles     =     2615
         Number of dihedrals     =     3861   Number of impropers  =      248
         Number of cross-terms   =        0
         Number of HB acceptors  =      158   Number of HB donors  =      163
         Number of NB exclusions =        0   Total charge =   -7.00000
  
 CHARMM>    stream "A_FIXRES.INP"
 VOPEN> Attempting to open::A_FIXRES.INP::
 OPNLGU> Unit 99 opened for READONLY access to A_FIXRES.INP

                    INPUT STREAM SWITCHING TO UNIT    99
 RDTITL>  
 RDTITL> No title read.
 Parameter: IN1 <- "" <empty>
  
 CHARMM>     
  
 CHARMM>    ! First pass .... assigning temporary RESID
 CHARMM>    ! First pass complete.
 CHARMM>     
  
 CHARMM>    ! Second pass .... re-assigning correct RESID
 CHARMM>    ! Second pass complete.
 CHARMM>     
  
 CHARMM>    ! End of generated script
 VCLOSE: Closing unit   99 with status "KEEP"

                    RETURNING TO INPUT STREAM     5
  
 CHARMM>     
  
 CHARMM>    open read unit 1 card name B.SEQ
 VOPEN> Attempting to open::B.SEQ::
 OPNLGU> Unit  1 opened for READONLY access to B.SEQ
  
 CHARMM>    read sequence unit 1 card
 MAINIO> Sequence information being read from unit   1.
 TITLE> * SEQUENCE OF CHAIN B
 TITLE> * NAME: MOLECULE
 TITLE> * TITLE: NEW MOLECULE GENERATED BY ICELIB
 TITLE> *
  
 SEQRDR>       89
  
 SEQRDR>    LYS
  
 SEQRDR>    LYS
  
 SEQRDR>    ALA
  
 SEQRDR>    VAL
  
 SEQRDR>    ILE
  
 SEQRDR>    ASN
  
 SEQRDR>    GLY
  
 SEQRDR>    GLU
  
 SEQRDR>    GLN
  
 SEQRDR>    ILE
  
 SEQRDR>    ARG
  
 SEQRDR>    SER
  
 SEQRDR>    ILE
  
 SEQRDR>    SER
  
 SEQRDR>    ASP
  
 SEQRDR>    LEU
  
 SEQRDR>    HSE
  
 SEQRDR>    GLN
  
 SEQRDR>    THR
  
 SEQRDR>    LEU
  
 SEQRDR>    LYS
  
 SEQRDR>    LYS
  
 SEQRDR>    GLU
  
 SEQRDR>    LEU
  
 SEQRDR>    ALA
  
 SEQRDR>    LEU
  
 SEQRDR>    PRO
  
 SEQRDR>    GLU
  
 SEQRDR>    TYR
  
 SEQRDR>    TYR
  
 SEQRDR>    GLY
  
 SEQRDR>    GLU
  
 SEQRDR>    ASN
  
 SEQRDR>    LEU
  
 SEQRDR>    ASP
  
 SEQRDR>    ALA
  
 SEQRDR>    LEU
  
 SEQRDR>    TRP
  
 SEQRDR>    ASP
  
 SEQRDR>    CYS
  
 SEQRDR>    LEU
  
 SEQRDR>    THR
  
 SEQRDR>    GLY
  
 SEQRDR>    TRP
  
 SEQRDR>    VAL
  
 SEQRDR>    GLU
  
 SEQRDR>    TYR
  
 SEQRDR>    PRO
  
 SEQRDR>    LEU
  
 SEQRDR>    VAL
  
 SEQRDR>    LEU
  
 SEQRDR>    GLU
  
 SEQRDR>    TRP
  
 SEQRDR>    ARG
  
 SEQRDR>    GLN
  
 SEQRDR>    PHE
  
 SEQRDR>    GLU
  
 SEQRDR>    GLN
  
 SEQRDR>    SER
  
 SEQRDR>    LYS
  
 SEQRDR>    GLN
  
 SEQRDR>    LEU
  
 SEQRDR>    THR
  
 SEQRDR>    GLU
  
 SEQRDR>    ASN
  
 SEQRDR>    GLY
  
 SEQRDR>    ALA
  
 SEQRDR>    GLU
  
 SEQRDR>    SER
  
 SEQRDR>    VAL
  
 SEQRDR>    LEU
  
 SEQRDR>    GLN
  
 SEQRDR>    VAL
  
 SEQRDR>    PHE
  
 SEQRDR>    ARG
  
 SEQRDR>    GLU
  
 SEQRDR>    ALA
  
 SEQRDR>    LYS
  
 SEQRDR>    ALA
  
 SEQRDR>    GLU
  
 SEQRDR>    GLY
  
 SEQRDR>    ALA
  
 SEQRDR>    ASP
  
 SEQRDR>    ILE
  
 SEQRDR>    THR
  
 SEQRDR>    ILE
  
 SEQRDR>    ILE
  
 SEQRDR>    LEU
  
 SEQRDR>    SER

          RESIDUE SEQUENCE --    89 RESIDUES
          LYS LYS ALA VAL ILE ASN GLY GLU GLN ILE ARG SER ILE SER ASP LEU HSE GLN THR LEU 
          LYS LYS GLU LEU ALA LEU PRO GLU TYR TYR GLY GLU ASN LEU ASP ALA LEU TRP ASP CYS 
          LEU THR GLY TRP VAL GLU TYR PRO LEU VAL LEU GLU TRP ARG GLN PHE GLU GLN SER LYS 
          GLN LEU THR GLU ASN GLY ALA GLU SER VAL LEU GLN VAL PHE ARG GLU ALA LYS ALA GLU 
          GLY ALA ASP ILE THR ILE ILE LEU SER 
 ***** Message from SEQRDR ***** THE SYSTEM CONTAINS 24 TITRATABLE GROUPS
 THE USER MUST PREDETERMINE THE PROTONATION STATE THROUGH THE SEQUENCE AND RTF
 HIS -  0  ASP -  4  GLU - 11  LYS -  6  TYR -  3
  
 CHARMM>    close unit 1
 VCLOSE: Closing unit    1 with status "KEEP"
  
 CHARMM>    generate B first NTER last CTER setup
 THE PATCH 'NTER' WILL BE USED FOR THE FIRST RESIDUE
 THE PATCH 'CTER' WILL BE USED FOR THE LAST  RESIDUE
 GENPSF> Segment   2 has been generated. Its identifier is B.
 PSFSUM> PSF modified: NONBOND lists and IMAGE atoms cleared.
 PSFSUM> Summary of the structure file counters :
         Number of segments      =        2   Number of residues   =      185
         Number of atoms         =     2876   Number of groups     =      883
         Number of bonds         =     2907   Number of angles     =     5236
         Number of dihedrals     =     7703   Number of impropers  =      485
         Number of cross-terms   =        0
         Number of HB acceptors  =      300   Number of HB donors  =      320
         Number of NB exclusions =        0   Total charge =  -13.00000
  
 CHARMM>    stream "B_FIXRES.INP"
 VOPEN> Attempting to open::B_FIXRES.INP::
 OPNLGU> Unit 99 opened for READONLY access to B_FIXRES.INP

                    INPUT STREAM SWITCHING TO UNIT    99
 RDTITL>  
 RDTITL> No title read.
 Parameter: IN1 <- "" <empty>
  
 CHARMM>     
  
 CHARMM>    ! First pass .... assigning temporary RESID
 CHARMM>    ! First pass complete.
 CHARMM>     
  
 CHARMM>    ! Second pass .... re-assigning correct RESID
 CHARMM>    ! Second pass complete.
 CHARMM>     
  
 CHARMM>    ! End of generated script
 VCLOSE: Closing unit   99 with status "KEEP"

                    RETURNING TO INPUT STREAM     5
  
 CHARMM>     
  
 CHARMM>    open read unit 1 card name "complex.crd"
 VOPEN> Attempting to open::complex.crd::
 OPNLGU> Unit  1 opened for READONLY access to complex.crd
  
 CHARMM>    read coor card unit 1
          SPATIAL COORDINATES BEING READ FROM UNIT  1
 TITLE> * NAME: MOLECULE
 TITLE> * TITLE: NEW MOLECULE GENERATED BY ICELIB
 TITLE> * RESOLUTION:  0
 TITLE> * GENERATED BY ICELIB
 TITLE> * STRUCTURE READ FROM COMPLEX.PDB
 TITLE> * MON JAN 28 19:47:57 2019
 TITLE> *
  
 CHARMM>    close unit 1
 VCLOSE: Closing unit    1 with status "KEEP"
  
 CHARMM>     
  
 CHARMM>     
  
 CHARMM>    ic fill preserve
  
 CHARMM>    ic param
  
 CHARMM>    ic build
  
 CHARMM>     
  
 CHARMM>     
  
 CHARMM>    coor copy comp
 SELECTED COORDINATES COPIED TO THE COMPARISON SET.

  
 CHARMM>     
  
 CHARMM>    define REC sele segid A end
 SELRPN>   1443 atoms have been selected out of   2876
  
 CHARMM>    define LIG sele segid B end
 SELRPN>   1433 atoms have been selected out of   2876
  
 CHARMM>     
  
 CHARMM>    define INT sele .byres. LIG .around. 10 end
 SELRPN>   2046 atoms have been selected out of   2876
  
 CHARMM>    define RINT sele INT .and. REC end
 SELRPN>    613 atoms have been selected out of   2876
  
 CHARMM>     
  
 CHARMM>     
  
 CHARMM>     
  
 CHARMM>    ! calculate starting energy
 CHARMM>    update -
 CHARMM>    energy elec atom rdiel switch eps 4.0 e14fac 1.0 -
 CHARMM>                    cutnb 14. ctonnb 10. ctofnb 12. -
 CHARMM>                    nbxmod 5 vswitch wmin 1.5 vatom vdistance

 NONBOND OPTION FLAGS: 
     ELEC     VDW      ATOMs    RDIElec  SWITch   VATOm    VSWItch 
     BYGRoup  NOEXtnd  NOEWald 
 CUTNB  = 14.000 CTEXNB =999.000 CTONNB = 10.000 CTOFNB = 12.000
 WMIN   =  1.500 WRNMXD =  0.500 E14FAC =  1.000 EPS    =  4.000
 NBXMOD =      5
 There are        0 atom  pairs and        0 atom  exclusions.
 There are        0 group pairs and        0 group exclusions.
 <MAKINB> with mode   5 found   8143 exclusions and   7576 interactions(1-4)
 <MAKGRP> found   2590 group exclusions.
 Generating nonbond list with Exclusion mode = 5
 == PRIMARY == SPACE FOR   826423 ATOM PAIRS AND        0 GROUP PAIRS
 == PRIMARY == SPACE FOR  1239654 ATOM PAIRS AND        0 GROUP PAIRS

 General atom nonbond list generation found:
   893631 ATOM PAIRS WERE FOUND FOR ATOM LIST
    46303 GROUP PAIRS REQUIRED ATOM SEARCHES

 **** Warning ****  The following extraneous characters
 were found while command processing in CHARMM
 ENERGY
  
 CHARMM>     
  
 CHARMM>     
  
 CHARMM>    mini sd nstep 50

 NONBOND OPTION FLAGS: 
     ELEC     VDW      ATOMs    RDIElec  SWITch   VATOm    VSWItch 
     BYGRoup  NOEXtnd  NOEWald 
 CUTNB  = 14.000 CTEXNB =999.000 CTONNB = 10.000 CTOFNB = 12.000
 WMIN   =  1.500 WRNMXD =  0.500 E14FAC =  1.000 EPS    =  4.000
 NBXMOD =      5
 There are   893631 atom  pairs and    15719 atom  exclusions.
 There are        0 group pairs and     2590 group exclusions.
 Generating nonbond list with Exclusion mode = 5
 == PRIMARY == SPACE FOR  1239654 ATOM PAIRS AND        0 GROUP PAIRS

 General atom nonbond list generation found:
   893631 ATOM PAIRS WERE FOUND FOR ATOM LIST
    46303 GROUP PAIRS REQUIRED ATOM SEARCHES



 STEEPD> An energy minimization has been requested.

 NSTEP  =           50   NPRINT =           10
 STEP   =    0.0200000   TOLFUN =    0.0000000
 TOLGRD =    0.0000000   TOLSTP =    0.0000000

MINI MIN: Cycle      ENERgy      Delta-E         GRMS    Step-size
MINI INTERN:          BONDs       ANGLes       UREY-b    DIHEdrals    IMPRopers
MINI EXTERN:        VDWaals         ELEC       HBONds          ASP         USER
 ----------       ---------    ---------    ---------    ---------    ---------
MINI>        0    -47.34985      0.00000      0.99948      0.02000
MINI INTERN>       76.21986    276.33754     19.26892    784.61875      7.03601
MINI EXTERN>     -975.26623   -235.56470      0.00000      0.00000      0.00000
 ----------       ---------    ---------    ---------    ---------    ---------
MINI>       10    -64.64598     17.29613      0.76520      0.00065
MINI INTERN>       81.04775    275.94619     20.27576    781.53744      7.95109
MINI EXTERN>     -973.48867   -257.91553      0.00000      0.00000      0.00000
 ----------       ---------    ---------    ---------    ---------    ---------
MINI>       20    -69.31226      4.66628      0.47358      0.00029
MINI INTERN>       79.33995    276.59985     19.99159    780.76364      7.86745
MINI EXTERN>     -973.67482   -260.19993      0.00000      0.00000      0.00000
 ----------       ---------    ---------    ---------    ---------    ---------
MINI>       30    -72.24896      2.93670      0.56316      0.00031
MINI INTERN>       79.76066    277.09443     20.00362    780.11604      7.86957
MINI EXTERN>     -973.84794   -263.24536      0.00000      0.00000      0.00000
 ----------       ---------    ---------    ---------    ---------    ---------
MINI>       40    -75.06792      2.81896      0.62762      0.00034
MINI INTERN>       80.12475    277.55975     20.00285    779.50190      7.87124
MINI EXTERN>     -973.96272   -266.16568      0.00000      0.00000      0.00000
 ----------       ---------    ---------    ---------    ---------    ---------
MINI>       50    -77.59858      2.53066      0.63318      0.00036
MINI INTERN>       80.38175    277.92157     19.99664    778.97213      7.86977
MINI EXTERN>     -974.02873   -268.71171      0.00000      0.00000      0.00000
 ----------       ---------    ---------    ---------    ---------    ---------

 STEEPD> Minimization exiting with number of steps limit (        50) exceeded.

STPD MIN: Cycle      ENERgy      Delta-E         GRMS    Step-size
STPD INTERN:          BONDs       ANGLes       UREY-b    DIHEdrals    IMPRopers
STPD EXTERN:        VDWaals         ELEC       HBONds          ASP         USER
 ----------       ---------    ---------    ---------    ---------    ---------
STPD>       50    -77.59858      2.53066      0.63318      0.00043
STPD INTERN>       80.38175    277.92157     19.99664    778.97213      7.86977
STPD EXTERN>     -974.02873   -268.71171      0.00000      0.00000      0.00000
 ----------       ---------    ---------    ---------    ---------    ---------
  
 CHARMM>     
  
 CHARMM>    mini sd nstep 100

 NONBOND OPTION FLAGS: 
     ELEC     VDW      ATOMs    RDIElec  SWITch   VATOm    VSWItch 
     BYGRoup  NOEXtnd  NOEWald 
 CUTNB  = 14.000 CTEXNB =999.000 CTONNB = 10.000 CTOFNB = 12.000
 WMIN   =  1.500 WRNMXD =  0.500 E14FAC =  1.000 EPS    =  4.000
 NBXMOD =      5
 There are   893631 atom  pairs and    15719 atom  exclusions.
 There are        0 group pairs and     2590 group exclusions.
 Generating nonbond list with Exclusion mode = 5
 == PRIMARY == SPACE FOR  1239654 ATOM PAIRS AND        0 GROUP PAIRS

 General atom nonbond list generation found:
   893714 ATOM PAIRS WERE FOUND FOR ATOM LIST
    46328 GROUP PAIRS REQUIRED ATOM SEARCHES



 STEEPD> An energy minimization has been requested.

 NSTEP  =          100   NPRINT =           10
 STEP   =    0.0200000   TOLFUN =    0.0000000
 TOLGRD =    0.0000000   TOLSTP =    0.0000000

MINI MIN: Cycle      ENERgy      Delta-E         GRMS    Step-size
MINI INTERN:          BONDs       ANGLes       UREY-b    DIHEdrals    IMPRopers
MINI EXTERN:        VDWaals         ELEC       HBONds          ASP         USER
 ----------       ---------    ---------    ---------    ---------    ---------
MINI>        0    -77.59858      2.53066      0.63318      0.02000
MINI INTERN>       80.38175    277.92157     19.99664    778.97213      7.86977
MINI EXTERN>     -974.02873   -268.71171      0.00000      0.00000      0.00000
 ----------       ---------    ---------    ---------    ---------    ---------
MINI>       10    -80.68142      3.08284      1.80941      0.00156
MINI INTERN>       84.05790    279.84919     20.08229    777.60287      7.85847
MINI EXTERN>     -974.01080   -276.12134      0.00000      0.00000      0.00000
 ----------       ---------    ---------    ---------    ---------    ---------
MINI>       20    -86.36394      5.68252      0.51910      0.00029
MINI INTERN>       81.05918    278.88212     19.96201    777.21741      7.85105
MINI EXTERN>     -973.90573   -277.42998      0.00000      0.00000      0.00000
 ----------       ---------    ---------    ---------    ---------    ---------
MINI>       30    -88.16870      1.80475      0.54621      0.00031
MINI INTERN>       81.24919    279.04174     19.95496    776.84158      7.84263
MINI EXTERN>     -973.81988   -279.27893      0.00000      0.00000      0.00000
 ----------       ---------    ---------    ---------    ---------    ---------
MINI>       40    -90.34954      2.18085      0.17375      0.00014
MINI INTERN>       81.02158    278.99174     19.90530    776.45156      7.83548
MINI EXTERN>     -973.64899   -280.90622      0.00000      0.00000      0.00000
 ----------       ---------    ---------    ---------    ---------    ---------
MINI>       50    -91.65407      1.30452      0.62704      0.00036
MINI INTERN>       81.74045    279.28549     19.93484    776.10371      7.82289
MINI EXTERN>     -973.61707   -282.92436      0.00000      0.00000      0.00000
 ----------       ---------    ---------    ---------    ---------    ---------
MINI>       60    -93.85389      2.19983      0.20136      0.00016
MINI INTERN>       81.25550    279.18741     19.88780    775.72752      7.81897
MINI EXTERN>     -973.33548   -284.39563      0.00000      0.00000      0.00000
 ----------       ---------    ---------    ---------    ---------    ---------
MINI>       70    -95.38048      1.52658      0.15770      0.00017
MINI INTERN>       81.38189    279.25057     19.88435    775.41869      7.81032
MINI EXTERN>     -973.19929   -285.92702      0.00000      0.00000      0.00000
 ----------       ---------    ---------    ---------    ---------    ---------
MINI>       80    -97.01306      1.63258      0.29776      0.00019
MINI INTERN>       81.42467    279.36238     19.87113    775.05492      7.80460
MINI EXTERN>     -972.95432   -287.57645      0.00000      0.00000      0.00000
 ----------       ---------    ---------    ---------    ---------    ---------
MINI>       90    -98.53173      1.51867      0.19982      0.00020
MINI INTERN>       81.53261    279.38799     19.86824    774.75391      7.79538
MINI EXTERN>     -972.80342   -289.06644      0.00000      0.00000      0.00000
 ----------       ---------    ---------    ---------    ---------    ---------
MINI>      100    -99.88949      1.35776      0.37622      0.00022
MINI INTERN>       81.55662    279.52048     19.85864    774.43227      7.79149
MINI EXTERN>     -972.55032   -290.49867      0.00000      0.00000      0.00000
 ----------       ---------    ---------    ---------    ---------    ---------

 STEEPD> Minimization exiting with number of steps limit (       100) exceeded.

STPD MIN: Cycle      ENERgy      Delta-E         GRMS    Step-size
STPD INTERN:          BONDs       ANGLes       UREY-b    DIHEdrals    IMPRopers
STPD EXTERN:        VDWaals         ELEC       HBONds          ASP         USER
 ----------       ---------    ---------    ---------    ---------    ---------
STPD>      100    -99.88949      1.35776      0.37622      0.00026
STPD INTERN>       81.55662    279.52048     19.85864    774.43227      7.79149
STPD EXTERN>     -972.55032   -290.49867      0.00000      0.00000      0.00000
 ----------       ---------    ---------    ---------    ---------    ---------
  
 CHARMM>     
  
 CHARMM>    if ?vdw GT -200 then
 RDCMND substituted energy or value "?VDW" to "-972.55"
 Comparing "-972.55" and "-200".
 IF test evaluated as false.  Skip to ELSE or ENDIF
  
 CHARMM>     
  
 CHARMM>    if ?vdw GT -200 then
 RDCMND substituted energy or value "?VDW" to "-972.55"
 Comparing "-972.55" and "-200".
 IF test evaluated as false.  Skip to ELSE or ENDIF
  
 CHARMM>     
  
 CHARMM>    if ?vdw GT -200 then
 RDCMND substituted energy or value "?VDW" to "-972.55"
 Comparing "-972.55" and "-200".
 IF test evaluated as false.  Skip to ELSE or ENDIF
  
 CHARMM>     
  
 CHARMM>    if ?vdw GT -200 then
 RDCMND substituted energy or value "?VDW" to "-972.55"
 Comparing "-972.55" and "-200".
 IF test evaluated as false.  Skip to ELSE or ENDIF
  
 CHARMM>     
  
 CHARMM>    mini abnr nstep 100

 NONBOND OPTION FLAGS: 
     ELEC     VDW      ATOMs    RDIElec  SWITch   VATOm    VSWItch 
     BYGRoup  NOEXtnd  NOEWald 
 CUTNB  = 14.000 CTEXNB =999.000 CTONNB = 10.000 CTOFNB = 12.000
 WMIN   =  1.500 WRNMXD =  0.500 E14FAC =  1.000 EPS    =  4.000
 NBXMOD =      5
 There are   893714 atom  pairs and    15719 atom  exclusions.
 There are        0 group pairs and     2590 group exclusions.
 Generating nonbond list with Exclusion mode = 5
 == PRIMARY == SPACE FOR  1239654 ATOM PAIRS AND        0 GROUP PAIRS

 General atom nonbond list generation found:
   893884 ATOM PAIRS WERE FOUND FOR ATOM LIST
    46313 GROUP PAIRS REQUIRED ATOM SEARCHES



 ABNER> An energy minimization has been requested.

 EIGRNG =    0.0005000   MINDIM =            5
 NPRINT =           10   NSTEP  =          100
 PSTRCT =    0.0000000   SDSTP  =    0.0200000
 STPLIM =    1.0000000   STRICT =    0.1000000
 TOLFUN =    0.0000000   TOLGRD =    0.0000000
 TOLITR =          100   TOLSTP =    0.0000000
 FMEM   =    0.0000000
MINI MIN: Cycle      ENERgy      Delta-E         GRMS    Step-size
MINI INTERN:          BONDs       ANGLes       UREY-b    DIHEdrals    IMPRopers
MINI EXTERN:        VDWaals         ELEC       HBONds          ASP         USER
 ----------       ---------    ---------    ---------    ---------    ---------
MINI>        0    -99.88949      1.35776      0.37622      0.00000
MINI INTERN>       81.55662    279.52048     19.85864    774.43227      7.79149
MINI EXTERN>     -972.55032   -290.49867      0.00000      0.00000      0.00000
 ----------       ---------    ---------    ---------    ---------    ---------
MINI>       10   -121.74680     21.85732      2.33431      0.13122
MINI INTERN>       89.93683    285.31963     20.46013    767.23894      7.80819
MINI EXTERN>     -953.20621   -339.30432      0.00000      0.00000      0.00000
 ----------       ---------    ---------    ---------    ---------    ---------
MINI>       20   -125.85076      4.10396      1.89809      0.07740
MINI INTERN>       90.04270    283.87761     19.70139    767.57255      7.71135
MINI EXTERN>     -954.95629   -339.80007      0.00000      0.00000      0.00000
 ----------       ---------    ---------    ---------    ---------    ---------
MINI>       30   -131.98910      6.13834      0.47820      0.03698
MINI INTERN>       84.68141    282.24854     19.78342    767.30993      7.68497
MINI EXTERN>     -958.80247   -334.89492      0.00000      0.00000      0.00000
 ----------       ---------    ---------    ---------    ---------    ---------
MINI>       40   -139.26995      7.28085      0.33943      0.02149
MINI INTERN>       82.37914    279.05360     19.61383    765.16274      7.65169
MINI EXTERN>     -963.96635   -329.16459      0.00000      0.00000      0.00000
 ----------       ---------    ---------    ---------    ---------    ---------
MINI>       50   -142.15118      2.88123      0.31319      0.01850
MINI INTERN>       83.12533    280.17029     19.71929    763.99064      7.67673
MINI EXTERN>     -962.39646   -334.43700      0.00000      0.00000      0.00000
 ----------       ---------    ---------    ---------    ---------    ---------
 UPDECI: Nonbond update at step        60
 Generating nonbond list with Exclusion mode = 5
 == PRIMARY == SPACE FOR  1239654 ATOM PAIRS AND        0 GROUP PAIRS

 General atom nonbond list generation found:
   895098 ATOM PAIRS WERE FOUND FOR ATOM LIST
    46304 GROUP PAIRS REQUIRED ATOM SEARCHES

MINI>       60   -148.77442      6.62324      0.49466      0.02986
MINI INTERN>       84.68671    281.88679     19.77143    762.46699      7.71707
MINI EXTERN>     -957.88674   -347.41667      0.00000      0.00000      0.00000
 ----------       ---------    ---------    ---------    ---------    ---------
MINI>       70   -162.83921     14.06479      0.48195      0.02892
MINI INTERN>       85.03973    281.48794     19.52271    758.92470      7.78266
MINI EXTERN>     -956.67819   -358.91877      0.00000      0.00000      0.00000
 ----------       ---------    ---------    ---------    ---------    ---------
MINI>       80   -172.13229      9.29308      0.41954      0.02801
MINI INTERN>       83.86571    280.44654     19.72935    755.02104      7.86629
MINI EXTERN>     -954.06507   -364.99615      0.00000      0.00000      0.00000
 ----------       ---------    ---------    ---------    ---------    ---------
MINI>       90   -179.40116      7.26887      0.26575      0.01628
MINI INTERN>       82.83917    277.56619     19.59626    752.35042      7.98965
MINI EXTERN>     -956.03698   -363.70587      0.00000      0.00000      0.00000
 ----------       ---------    ---------    ---------    ---------    ---------
MINI>      100   -183.38426      3.98310      0.47232      0.02628
MINI INTERN>       82.18446    278.77312     19.60348    752.51825      7.88496
MINI EXTERN>     -959.10024   -365.24830      0.00000      0.00000      0.00000
 ----------       ---------    ---------    ---------    ---------    ---------

 ABNER> Minimization exiting with number of steps limit (  100) exceeded.

ABNR MIN: Cycle      ENERgy      Delta-E         GRMS    Step-size
ABNR INTERN:          BONDs       ANGLes       UREY-b    DIHEdrals    IMPRopers
ABNR EXTERN:        VDWaals         ELEC       HBONds          ASP         USER
 ----------       ---------    ---------    ---------    ---------    ---------
ABNR>      100   -183.38426      3.98310      0.47232      0.02365
ABNR INTERN>       82.18446    278.77312     19.60348    752.51825      7.88496
ABNR EXTERN>     -959.10024   -365.24830      0.00000      0.00000      0.00000
 ----------       ---------    ---------    ---------    ---------    ---------
  
 CHARMM>     
  
 CHARMM>    !cons fix sele none end
 CHARMM>     
  
 CHARMM>    skip none
 SKIPE> The following energy terms will be computed :
  BOND ANGL UREY DIHE IMPR VDW  ELEC HBON USER HARM CDIH CIC  CDRO NOE  SBOU
  IMNB IMEL IMHB EWKS EWSE EXTE RXNF ST2  IMST TSM  QMEL QMVD ASP  EHAR GEO 
  MDIP PINT PRMS PANG SSBP BK4D SHEL RESD SHAP STRB OOPL PULL POLA DMC  RGY 
  EWEX EWQC EWUT PBEL PBNP MBDE MBEL STRS BNDB BNDT EBST MBST BBT  SST  GBEN
  HMCM ADUM HYDR GSBP FQPO GRVD GREL SASL CMAP ELRC OLAP UMBR RREP RPHO RHBN
  RBDO RBAC RARO PHEN VMOD CROS FCTP FCTN PATH PMF1 PMF2
  
 CHARMM>     
  
 CHARMM>     
  
 CHARMM>    coor orie rms sele LIG end
 SELRPN>   1433 atoms have been selected out of   2876
 CENTER OF ATOMS BEFORE TRANSLATION     8.64938    40.18251     3.15302
 CENTER OF REFERENCE COORDINATE SET     8.64081    40.16946     3.16064
 NET TRANSLATION OF ROTATED ATOMS      -0.00857    -0.01306     0.00762
 ROTATION MATRIX
     0.999999    0.000238    0.001169
    -0.000240    0.999999    0.001160
    -0.001168   -0.001160    0.999999
 AXIS OF ROTATION IS  0.697122 -0.702415  0.143649  ANGLE IS    0.10

 TOTAL SQUARE DIFF IS    130.7000  DENOMINATOR IS   1433.0000
       THUS RMS DIFF IS    0.302005
 ALL COORDINATES ORIENTED IN THE MAIN SET BASED ON SELECTED ATOMS.

  
 CHARMM>    inte sele REC end sele LIG end
 SELRPN>   1443 atoms have been selected out of   2876
 SELRPN>   1433 atoms have been selected out of   2876
 INTER:  Normal Atom Nonbondselected      113858 from a total of      895098
INTE ENR:  Eval#     ENERgy      Delta-E         GRMS
INTE EXTERN:        VDWaals         ELEC       HBONds          ASP         USER
 ----------       ---------    ---------    ---------    ---------    ---------
INTE>        1   -101.54949    -81.83477      0.29244
INTE EXTERN>      -79.46676    -22.08273      0.00000      0.00000      0.00000
 ----------       ---------    ---------    ---------    ---------    ---------
  
 CHARMM>    scalar wmain = charge
  
 CHARMM>     
  
 CHARMM>     
  
 CHARMM>    open write unit 1 card name "receptor.crd"
 VOPEN> Attempting to open::receptor.crd::
 OPNLGU> Unit  1 opened for WRITE access to receptor.crd
  
 CHARMM>    write coor card unit 1 sele REC end
 RDTITL> CLOSE UNIT 1
 RDTITL> No title read.
 SELRPN>   1443 atoms have been selected out of   2876
 NOTE: A SELECTED SUBSET OF ATOMS WILL BE USED

 VCLOSE: Closing unit    1 with status "KEEP"
  
 CHARMM>    close unit 1
 CLOLGU>  *****  WARNING  ***** Attempt to close unit that was not open.
  
 CHARMM>     
  
 CHARMM>    open write unit 1 card name "ligand.crd"
 VOPEN> Attempting to open::ligand.crd::
 OPNLGU> Unit  1 opened for WRITE access to ligand.crd
  
 CHARMM>    write coor card unit 1 sele LIG end
 RDTITL> CLOSE UNIT 1
 RDTITL> No title read.
 SELRPN>   1433 atoms have been selected out of   2876
 NOTE: A SELECTED SUBSET OF ATOMS WILL BE USED

 VCLOSE: Closing unit    1 with status "KEEP"
  
 CHARMM>    close unit 1
 CLOLGU>  *****  WARNING  ***** Attempt to close unit that was not open.
  
 CHARMM>     
  
 CHARMM>    prnlev 0
 OPNLGU> Unit  99 cannot be opened as /HOME/CYPPSP/PROJECT_BAYESIAN/BAL/DEPENDENCIES//RADIUS_GBSW.STR                                                                                                                                                                                                 

      ***** LEVEL  0 WARNING FROM <OPNLGU> *****
      ***** "OPEN" not possible.
      ******************************************
      BOMLEV ( -2) IS NOT REACHED. WRNLEV IS  5

  
 CHARMM>    scalar wmain statistics select .not. type H* end
 SELRPN>   1465 atoms have been selected out of   2876
 Statistics for 1465 selected atoms:
       minimum =  -0.800000      maximum =   0.640000     weight =    1465.00    
       average =  -0.152259      variance=   0.383664     total  =   -223.060    
  
 CHARMM>    GBSW sw 0.3 sgamma 0.03 dgp 1.5 GBenergy


      Generalized Born model with a simple switching function (GBSW)


      Number of angular integration points (nang) =      38
      Number of radial  integration points (nrad) =      24
      Maximum in radial integration        (rmax) =  20.000 [Angs]

      Solvent dielectric constant          (epsw) =  80.000
      Protein dielectric constant          (epsp) =   1.000
      Surface tension coefficient        (sgamma) =   0.030 [kcal/mol/Angs**2]


      Switching length                     (sw*2) =   0.600 [Angs]

      Coefficient for the CFA term          (aa0) =  -0.180
      Coefficient for the correction term   (aa1) =   1.817

      Grid spacing for lookup table         (dgp) =   1.500 [Angs]
      Buffer size for lookup table      (rbuffer) =   0.000 [Angs]

      NOTE : PB radii are scaled by (PB radii+sw)*factor
             where sw =   0.300 and factor =  0.952

      GB energy and forces will be updated every       1 step(s)

      GBSW lookup table information:
      Number of grid points for lookup table :  27 x 35 x 38 =      35910
      Lookup table in x covers from  -12.625 to   26.375
      Lookup table in y covers from    6.898 to   57.898
      Lookup table in z covers from  -16.266 to   39.234
      Number of atoms listed in lookup table   =      25880
      Percentage of occupied grid points       =     24.915

      Electrostatic solvation energy   =             NaN [kcal/mol]


      Surface area                     =      2806.66117 [Angs**2]
      Nonpolar solvation energy        =        84.19984 [kcal/mol]

      Total solvation energy           =             NaN [kcal/mol]
  
 CHARMM>    Energy

 NONBOND OPTION FLAGS: 
     ELEC     VDW      ATOMs    RDIElec  SWITch   VATOm    VSWItch 
     BYGRoup  NOEXtnd  NOEWald 
 CUTNB  = 14.000 CTEXNB =999.000 CTONNB = 10.000 CTOFNB = 12.000
 WMIN   =  1.500 WRNMXD =  0.500 E14FAC =  1.000 EPS    =  4.000
 NBXMOD =      5
 There are   895098 atom  pairs and    15719 atom  exclusions.
 There are        0 group pairs and     2590 group exclusions.
 Generating nonbond list with Exclusion mode = 5
 == PRIMARY == SPACE FOR  1239654 ATOM PAIRS AND        0 GROUP PAIRS

 General atom nonbond list generation found:
   896762 ATOM PAIRS WERE FOUND FOR ATOM LIST
    46420 GROUP PAIRS REQUIRED ATOM SEARCHES

ENER ENR:  Eval#     ENERgy      Delta-E         GRMS
ENER INTERN:          BONDs       ANGLes       UREY-b    DIHEdrals    IMPRopers
ENER EXTERN:        VDWaals         ELEC       HBONds          ASP         USER
 ----------       ---------    ---------    ---------    ---------    ---------
ENER>        0          NaN          NaN          NaN
ENER INTERN>       82.18446    278.77312     19.60348    752.51825      7.88496
ENER EXTERN>     -959.10024   -365.24830      0.00000     84.17606      0.00000
 ----------       ---------    ---------    ---------    ---------    ---------
  
 CHARMM>    calc cinternal ( ?bond + ?angl + ?dihe + ?impr + ?urey )
 RDCMND substituted energy or value "?BOND" to "82.1845"
 RDCMND substituted energy or value "?ANGL" to "278.773"
 RDCMND substituted energy or value "?DIHE" to "752.518"
 RDCMND substituted energy or value "?IMPR" to "7.88496"
 RDCMND substituted energy or value "?UREY" to "19.6035"
Evaluating: (82.1845+278.773+752.518+7.88496+19.6035)
 Parameter: CINTERNAL <- "1140.96"
  
 CHARMM>    calc bond ?bond
 RDCMND substituted energy or value "?BOND" to "82.1845"
Evaluating: 82.1845
 Parameter: BOND <- "82.1845"
  
 CHARMM>    calc angl ?angl
 RDCMND substituted energy or value "?ANGL" to "278.773"
Evaluating: 278.773
 Parameter: ANGL <- "278.773"
  
 CHARMM>    calc dihe ?dihe
 RDCMND substituted energy or value "?DIHE" to "752.518"
Evaluating: 752.518
 Parameter: DIHE <- "752.518"
  
 CHARMM>    calc impr ?impr
 RDCMND substituted energy or value "?IMPR" to "7.88496"
Evaluating: 7.88496
 Parameter: IMPR <- "7.88496"
  
 CHARMM>    calc urey ?urey
 RDCMND substituted energy or value "?UREY" to "19.6035"
Evaluating: 19.6035
 Parameter: UREY <- "19.6035"
  
 CHARMM>    calc cvdw ?vdw
 RDCMND substituted energy or value "?VDW" to "-959.1"
Evaluating: -959.1
 Parameter: CVDW <- "-959.1"
  
 CHARMM>    calc elec ?gben
 RDCMND substituted energy or value "?GBEN" to "NaN"
Evaluating: NaN
 Parameter: ELEC <- "NaN"
  
 CHARMM>    coor surf acce rprobe 1.4 sele all END
 SELRPN>   2876 atoms have been selected out of   2876
 SURFAC: Lennard-Jones radii values being used
 SURFAC: RPRObe=   1.40000
 SURFAC: Analytic surface area method used
  
 CHARMM>    calc csasa ( 0.005 * ?area + 0.860)
 RDCMND substituted energy or value "?AREA" to "8895.87"
Evaluating: (0.005*8895.87+0.860)
 Parameter: CSASA <- "45.3394"
  
 CHARMM>     
  
 CHARMM>    open write unit 10 card name com_energy.dat
 VOPEN> Attempting to open::com_energy.dat::
 OPNLGU> Unit 10 opened for WRITE access to com_energy.dat
  
 CHARMM>    write title unit 10
 RDTITL> * 82.1845 278.773 752.518 7.88496 19.6035 -959.1 45.3394 NaN
 RDTITL> *
  
 CHARMM>    close unit 10
 VCLOSE: Closing unit   10 with status "KEEP"
  
 CHARMM>     
  
 CHARMM>     
  
$$$$$$  New timer profile $$$$$
   List time                       0.01 Other:            0.00
         Electrostatic & VDW             5.82 Other:            0.00
            GB Radii                        0.13 Other:            0.00
            GB Energy                       0.02 Other:            0.00
            GB Force                        0.02 Other:            0.00
         Gen Born time                   0.20 Other:            0.02
      Nonbond force                   6.02 Other:            0.00
         Bond energy                     0.02 Other:            0.00
         Angle energy                    0.10 Other:            0.00
         Dihedral energy                 0.20 Other:            0.00
         Restraints energy               0.00 Other:            0.00
      INTRNL energy                   0.34 Other:            0.01
   Energy time                     6.36 Other:            0.01
 Total time                      7.42 Other:            1.04

                    NORMAL TERMINATION BY END OF FILE
                    MAXIMUM STACK SPACE USED IS  148264
                    STACK CURRENTLY IN USE IS         0
                    MOST SEVERE WARNING WAS AT LEVEL  0
                    HEAP PRINTOUT-  HEAP SIZE         10240000
                    SPACE CURRENTLY IN USE IS                0
                    MAXIMUM SPACE USED IS              2682354
                    FREE LIST
  PRINHP> ADDRESS:               1 LENGTH:        10240000 NEXT:               0

                    $$$$$ JOB ACCOUNTING INFORMATION $$$$$
                     ELAPSED TIME:     7.42  SECONDS 
                         CPU TIME:     7.39  SECONDS 
